This file contains any messages produced by compilers while
running configure, to aid debugging if configure makes a mistake.

It was created by Clustal Omega configure 1.2.4, which was
generated by GNU Autoconf 2.69.  Invocation command line was

  $ ./configure 

## --------- ##
## Platform. ##
## --------- ##

hostname = millo
uname -m = x86_64
uname -r = 4.4.0-77-generic
uname -s = Linux
uname -v = #98-Ubuntu SMP Wed Apr 26 08:34:02 UTC 2017

/usr/bin/uname -p = unknown
/bin/uname -X     = unknown

/bin/arch              = unknown
/usr/bin/arch -k       = unknown
/usr/convex/getsysinfo = unknown
/usr/bin/hostinfo      = unknown
/bin/machine           = unknown
/usr/bin/oslevel       = unknown
/bin/universe          = unknown

PATH: /home/contrera/.rakudobrew/bin
PATH: /home/contrera/.rakudobrew/bin
PATH: /home/contrera/soft/lastz-distrib/bin
PATH: /home/contrera/soft/bedops_v2.4.20
PATH: /home/contrera/barnapp-0.5/bin
PATH: /home/contrera/soft/rsa-tools//python-scripts
PATH: /home/contrera/soft/rsa-tools//perl-scripts
PATH: /home/contrera/soft/rsa-tools//bin
PATH: /usr/local/sbin
PATH: /usr/local/bin
PATH: /usr/sbin
PATH: /usr/bin
PATH: /sbin
PATH: /bin
PATH: /usr/games
PATH: /usr/local/games
PATH: /snap/bin
PATH: /usr/lib/jvm/java-8-oracle/bin
PATH: /usr/lib/jvm/java-8-oracle/db/bin
PATH: /usr/lib/jvm/java-8-oracle/jre/bin
PATH: /opt/sge/bin/linux-x64
PATH: /home/contrera/soft/ncbi-blast-2.2.30+/bin/
PATH: /home/contrera/soft/hmmer-3.1b1-linux-intel-x86_64/src
PATH: /home/contrera/soft/velvet_1.2.08/
PATH: /home/contrera/soft/bowtie-1.0.1/


## ----------- ##
## Core tests. ##
## ----------- ##

configure:2762:

    Welcome to Clustal Omega - version 1.2.4 (AndreaGiacomo)

                       +NMMMMMMMMMS=
                    MMMMM?      :MMMMM8
                  IMMMMS           MMMMM,
                ~MMMMN              ,MMMMM
               =MMMMM                 MMMMM
              ?MMMMM                  +MMMMM
              MMMMMS                   MMMMM
              MMMMM                    MMMMM:
              MMMMM                    MMMMM+
              MMMMM                    MMMMM~
              MMMMM                    MMMMM
              MMMMMZ                   MMMMM
               MMMMM                  ,MMMMZ
                MMMM8                 MMMM+
                 MMMMS               MMMM,
                   MMMMO           MMMM
            ,N       SMMM        MMM8       +8
            ,M7         M+       M+        :M8
            ,MMMMMMMMMMMMI       MMMMMMMMMMMM8
            ,MMMMMMMMMMMM8       MMMMMMMMMMMM8
            ,MMMMMMMMMMMMN       MMMMMMMMMMMM8

              
configure:2871: checking for a BSD-compatible install
configure:2939: result: /usr/bin/install -c
configure:2950: checking whether build environment is sane
configure:2987: result: yes
configure:3012: checking for a thread-safe mkdir -p
configure:3051: result: /bin/mkdir -p
configure:3064: checking for gawk
configure:3080: found /usr/bin/gawk
configure:3091: result: gawk
configure:3102: checking whether make sets $(MAKE)
configure:3124: result: yes
configure:3338: checking for style of include used by make
configure:3366: result: GNU
configure:3436: checking for gcc
configure:3452: found /usr/bin/gcc
configure:3463: result: gcc
configure:3692: checking for C compiler version
configure:3701: gcc --version >&5
gcc (Ubuntu 5.4.0-6ubuntu1~16.04.4) 5.4.0 20160609
Copyright (C) 2015 Free Software Foundation, Inc.
This is free software; see the source for copying conditions.  There is NO
warranty; not even for MERCHANTABILITY or FITNESS FOR A PARTICULAR PURPOSE.

configure:3712: $? = 0
configure:3701: gcc -v >&5
Using built-in specs.
COLLECT_GCC=gcc
COLLECT_LTO_WRAPPER=/usr/lib/gcc/x86_64-linux-gnu/5/lto-wrapper
Target: x86_64-linux-gnu
Configured with: ../src/configure -v --with-pkgversion='Ubuntu 5.4.0-6ubuntu1~16.04.4' --with-bugurl=file:///usr/share/doc/gcc-5/README.Bugs --enable-languages=c,ada,c++,java,go,d,fortran,objc,obj-c++ --prefix=/usr --program-suffix=-5 --enable-shared --enable-linker-build-id --libexecdir=/usr/lib --without-included-gettext --enable-threads=posix --libdir=/usr/lib --enable-nls --with-sysroot=/ --enable-clocale=gnu --enable-libstdcxx-debug --enable-libstdcxx-time=yes --with-default-libstdcxx-abi=new --enable-gnu-unique-object --disable-vtable-verify --enable-libmpx --enable-plugin --with-system-zlib --disable-browser-plugin --enable-java-awt=gtk --enable-gtk-cairo --with-java-home=/usr/lib/jvm/java-1.5.0-gcj-5-amd64/jre --enable-java-home --with-jvm-root-dir=/usr/lib/jvm/java-1.5.0-gcj-5-amd64 --with-jvm-jar-dir=/usr/lib/jvm-exports/java-1.5.0-gcj-5-amd64 --with-arch-directory=amd64 --with-ecj-jar=/usr/share/java/eclipse-ecj.jar --enable-objc-gc --enable-multiarch --disable-werror --with-arch-32=i686 --with-abi=m64 --with-multilib-list=m32,m64,mx32 --enable-multilib --with-tune=generic --enable-checking=release --build=x86_64-linux-gnu --host=x86_64-linux-gnu --target=x86_64-linux-gnu
Thread model: posix
gcc version 5.4.0 20160609 (Ubuntu 5.4.0-6ubuntu1~16.04.4) 
configure:3712: $? = 0
configure:3701: gcc -V >&5
gcc: error: unrecognized command line option '-V'
gcc: fatal error: no input files
compilation terminated.
configure:3712: $? = 1
configure:3701: gcc -qversion >&5
gcc: error: unrecognized command line option '-qversion'
gcc: fatal error: no input files
compilation terminated.
configure:3712: $? = 1
configure:3732: checking whether the C compiler works
configure:3754: gcc    conftest.c  >&5
configure:3758: $? = 0
configure:3806: result: yes
configure:3809: checking for C compiler default output file name
configure:3811: result: a.out
configure:3817: checking for suffix of executables
configure:3824: gcc -o conftest    conftest.c  >&5
configure:3828: $? = 0
configure:3850: result: 
configure:3872: checking whether we are cross compiling
configure:3880: gcc -o conftest    conftest.c  >&5
configure:3884: $? = 0
configure:3891: ./conftest
configure:3895: $? = 0
configure:3910: result: no
configure:3915: checking for suffix of object files
configure:3937: gcc -c   conftest.c >&5
configure:3941: $? = 0
configure:3962: result: o
configure:3966: checking whether we are using the GNU C compiler
configure:3985: gcc -c   conftest.c >&5
configure:3985: $? = 0
configure:3994: result: yes
configure:4003: checking whether gcc accepts -g
configure:4023: gcc -c -g  conftest.c >&5
configure:4023: $? = 0
configure:4064: result: yes
configure:4081: checking for gcc option to accept ISO C89
configure:4144: gcc  -c -g -O2  conftest.c >&5
configure:4144: $? = 0
configure:4157: result: none needed
configure:4179: checking dependency style of gcc
configure:4270: result: gcc3
configure:4291: checking how to run the C preprocessor
configure:4322: gcc -E  conftest.c
configure:4322: $? = 0
configure:4336: gcc -E  conftest.c
conftest.c:11:28: fatal error: ac_nonexistent.h: No such file or directory
compilation terminated.
configure:4336: $? = 1
configure: failed program was:
| /* confdefs.h */
| #define PACKAGE_NAME "Clustal Omega"
| #define PACKAGE_TARNAME "clustal-omega"
| #define PACKAGE_VERSION "1.2.4"
| #define PACKAGE_STRING "Clustal Omega 1.2.4"
| #define PACKAGE_BUGREPORT "clustalw@ucd.ie"
| #define PACKAGE_URL ""
| #define PACKAGE "clustal-omega"
| #define VERSION "1.2.4"
| /* end confdefs.h.  */
| #include <ac_nonexistent.h>
configure:4361: result: gcc -E
configure:4381: gcc -E  conftest.c
configure:4381: $? = 0
configure:4395: gcc -E  conftest.c
conftest.c:11:28: fatal error: ac_nonexistent.h: No such file or directory
compilation terminated.
configure:4395: $? = 1
configure: failed program was:
| /* confdefs.h */
| #define PACKAGE_NAME "Clustal Omega"
| #define PACKAGE_TARNAME "clustal-omega"
| #define PACKAGE_VERSION "1.2.4"
| #define PACKAGE_STRING "Clustal Omega 1.2.4"
| #define PACKAGE_BUGREPORT "clustalw@ucd.ie"
| #define PACKAGE_URL ""
| #define PACKAGE "clustal-omega"
| #define VERSION "1.2.4"
| /* end confdefs.h.  */
| #include <ac_nonexistent.h>
configure:4424: checking for grep that handles long lines and -e
configure:4482: result: /bin/grep
configure:4487: checking for egrep
configure:4549: result: /bin/grep -E
configure:4554: checking for ANSI C header files
configure:4574: gcc -c -g -O2  conftest.c >&5
configure:4574: $? = 0
configure:4647: gcc -o conftest -g -O2   conftest.c  >&5
configure:4647: $? = 0
configure:4647: ./conftest
configure:4647: $? = 0
configure:4658: result: yes
configure:4671: checking for sys/types.h
configure:4671: gcc -c -g -O2  conftest.c >&5
configure:4671: $? = 0
configure:4671: result: yes
configure:4671: checking for sys/stat.h
configure:4671: gcc -c -g -O2  conftest.c >&5
configure:4671: $? = 0
configure:4671: result: yes
configure:4671: checking for stdlib.h
configure:4671: gcc -c -g -O2  conftest.c >&5
configure:4671: $? = 0
configure:4671: result: yes
configure:4671: checking for string.h
configure:4671: gcc -c -g -O2  conftest.c >&5
configure:4671: $? = 0
configure:4671: result: yes
configure:4671: checking for memory.h
configure:4671: gcc -c -g -O2  conftest.c >&5
configure:4671: $? = 0
configure:4671: result: yes
configure:4671: checking for strings.h
configure:4671: gcc -c -g -O2  conftest.c >&5
configure:4671: $? = 0
configure:4671: result: yes
configure:4671: checking for inttypes.h
configure:4671: gcc -c -g -O2  conftest.c >&5
configure:4671: $? = 0
configure:4671: result: yes
configure:4671: checking for stdint.h
configure:4671: gcc -c -g -O2  conftest.c >&5
configure:4671: $? = 0
configure:4671: result: yes
configure:4671: checking for unistd.h
configure:4671: gcc -c -g -O2  conftest.c >&5
configure:4671: $? = 0
configure:4671: result: yes
configure:4684: checking minix/config.h usability
configure:4684: gcc -c -g -O2  conftest.c >&5
conftest.c:54:26: fatal error: minix/config.h: No such file or directory
compilation terminated.
configure:4684: $? = 1
configure: failed program was:
| /* confdefs.h */
| #define PACKAGE_NAME "Clustal Omega"
| #define PACKAGE_TARNAME "clustal-omega"
| #define PACKAGE_VERSION "1.2.4"
| #define PACKAGE_STRING "Clustal Omega 1.2.4"
| #define PACKAGE_BUGREPORT "clustalw@ucd.ie"
| #define PACKAGE_URL ""
| #define PACKAGE "clustal-omega"
| #define VERSION "1.2.4"
| #define STDC_HEADERS 1
| #define HAVE_SYS_TYPES_H 1
| #define HAVE_SYS_STAT_H 1
| #define HAVE_STDLIB_H 1
| #define HAVE_STRING_H 1
| #define HAVE_MEMORY_H 1
| #define HAVE_STRINGS_H 1
| #define HAVE_INTTYPES_H 1
| #define HAVE_STDINT_H 1
| #define HAVE_UNISTD_H 1
| /* end confdefs.h.  */
| #include <stdio.h>
| #ifdef HAVE_SYS_TYPES_H
| # include <sys/types.h>
| #endif
| #ifdef HAVE_SYS_STAT_H
| # include <sys/stat.h>
| #endif
| #ifdef STDC_HEADERS
| # include <stdlib.h>
| # include <stddef.h>
| #else
| # ifdef HAVE_STDLIB_H
| #  include <stdlib.h>
| # endif
| #endif
| #ifdef HAVE_STRING_H
| # if !defined STDC_HEADERS && defined HAVE_MEMORY_H
| #  include <memory.h>
| # endif
| # include <string.h>
| #endif
| #ifdef HAVE_STRINGS_H
| # include <strings.h>
| #endif
| #ifdef HAVE_INTTYPES_H
| # include <inttypes.h>
| #endif
| #ifdef HAVE_STDINT_H
| # include <stdint.h>
| #endif
| #ifdef HAVE_UNISTD_H
| # include <unistd.h>
| #endif
| #include <minix/config.h>
configure:4684: result: no
configure:4684: checking minix/config.h presence
configure:4684: gcc -E  conftest.c
conftest.c:21:26: fatal error: minix/config.h: No such file or directory
compilation terminated.
configure:4684: $? = 1
configure: failed program was:
| /* confdefs.h */
| #define PACKAGE_NAME "Clustal Omega"
| #define PACKAGE_TARNAME "clustal-omega"
| #define PACKAGE_VERSION "1.2.4"
| #define PACKAGE_STRING "Clustal Omega 1.2.4"
| #define PACKAGE_BUGREPORT "clustalw@ucd.ie"
| #define PACKAGE_URL ""
| #define PACKAGE "clustal-omega"
| #define VERSION "1.2.4"
| #define STDC_HEADERS 1
| #define HAVE_SYS_TYPES_H 1
| #define HAVE_SYS_STAT_H 1
| #define HAVE_STDLIB_H 1
| #define HAVE_STRING_H 1
| #define HAVE_MEMORY_H 1
| #define HAVE_STRINGS_H 1
| #define HAVE_INTTYPES_H 1
| #define HAVE_STDINT_H 1
| #define HAVE_UNISTD_H 1
| /* end confdefs.h.  */
| #include <minix/config.h>
configure:4684: result: no
configure:4684: checking for minix/config.h
configure:4684: result: no
configure:4705: checking whether it is safe to define __EXTENSIONS__
configure:4723: gcc -c -g -O2  conftest.c >&5
configure:4723: $? = 0
configure:4730: result: yes
configure:4752: checking build system type
configure:4766: result: x86_64-unknown-linux-gnu
configure:4786: checking host system type
configure:4799: result: x86_64-unknown-linux-gnu
configure:4823: checking whether make sets $(MAKE)
configure:4845: result: yes
configure:4885: checking for a sed that does not truncate output
configure:4949: result: /bin/sed
configure:4967: checking for fgrep
configure:5029: result: /bin/grep -F
configure:5064: checking for ld used by gcc
configure:5131: result: /usr/bin/ld
configure:5138: checking if the linker (/usr/bin/ld) is GNU ld
configure:5153: result: yes
configure:5165: checking for BSD- or MS-compatible name lister (nm)
configure:5214: result: /usr/bin/nm -B
configure:5332: checking the name lister (/usr/bin/nm -B) interface
configure:5339: gcc -c -g -O2  conftest.c >&5
configure:5342: /usr/bin/nm -B "conftest.o"
configure:5345: output
0000000000000000 B some_variable
configure:5352: result: BSD nm
configure:5355: checking whether ln -s works
configure:5359: result: yes
configure:5367: checking the maximum length of command line arguments
configure:5487: result: 1572864
configure:5504: checking whether the shell understands some XSI constructs
configure:5514: result: yes
configure:5518: checking whether the shell understands "+="
configure:5524: result: yes
configure:5559: checking for /usr/bin/ld option to reload object files
configure:5566: result: -r
configure:5635: checking for objdump
configure:5651: found /usr/bin/objdump
configure:5662: result: objdump
configure:5694: checking how to recognize dependent libraries
configure:5890: result: pass_all
configure:5950: checking for ar
configure:5966: found /usr/bin/ar
configure:5977: result: ar
configure:6055: checking for strip
configure:6071: found /usr/bin/strip
configure:6082: result: strip
configure:6154: checking for ranlib
configure:6170: found /usr/bin/ranlib
configure:6181: result: ranlib
configure:6271: checking command to parse /usr/bin/nm -B output from gcc object
configure:6389: gcc -c -g -O2  conftest.c >&5
configure:6392: $? = 0
configure:6396: /usr/bin/nm -B conftest.o \| sed -n -e 's/^.*[	 ]\([ABCDGIRSTW][ABCDGIRSTW]*\)[	 ][	 ]*\([_A-Za-z][_A-Za-z0-9]*\)$/\1 \2 \2/p' \> conftest.nm
configure:6399: $? = 0
configure:6453: gcc -o conftest -g -O2   conftest.c conftstm.o >&5
configure:6456: $? = 0
configure:6494: result: ok
configure:6589: gcc -c -g -O2  conftest.c >&5
configure:6592: $? = 0
configure:7299: checking for dlfcn.h
configure:7299: gcc -c -g -O2  conftest.c >&5
configure:7299: $? = 0
configure:7299: result: yes
configure:7483: checking for objdir
configure:7498: result: .libs
configure:7794: checking if gcc supports -fno-rtti -fno-exceptions
configure:7812: gcc -c -g -O2  -fno-rtti -fno-exceptions conftest.c >&5
cc1: warning: command line option '-fno-rtti' is valid for C++/ObjC++ but not for C
configure:7816: $? = 0
configure:7829: result: no
configure:7849: checking for gcc option to produce PIC
configure:8121: result: -fPIC -DPIC
configure:8133: checking if gcc PIC flag -fPIC -DPIC works
configure:8151: gcc -c -g -O2  -fPIC -DPIC -DPIC conftest.c >&5
configure:8155: $? = 0
configure:8168: result: yes
configure:8192: checking if gcc static flag -static works
configure:8220: result: yes
configure:8235: checking if gcc supports -c -o file.o
configure:8256: gcc -c -g -O2  -o out/conftest2.o conftest.c >&5
configure:8260: $? = 0
configure:8282: result: yes
configure:8290: checking if gcc supports -c -o file.o
configure:8337: result: yes
configure:8370: checking whether the gcc linker (/usr/bin/ld -m elf_x86_64) supports shared libraries
configure:9357: result: yes
configure:9394: checking whether -lc should be explicitly linked in
configure:9399: gcc -c -g -O2  conftest.c >&5
configure:9402: $? = 0
configure:9417: gcc -shared conftest.o  -v -Wl,-soname -Wl,conftest -o conftest 2\>\&1 \| /bin/grep  -lc  \>/dev/null 2\>\&1
configure:9420: $? = 0
configure:9432: result: no
configure:9596: checking dynamic linker characteristics
configure:10029: gcc -o conftest -g -O2   -Wl,-rpath -Wl,/foo conftest.c  >&5
configure:10029: $? = 0
configure:10259: result: GNU/Linux ld.so
configure:10361: checking how to hardcode library paths into programs
configure:10386: result: immediate
configure:10906: checking whether stripping libraries is possible
configure:10911: result: yes
configure:10946: checking if libtool supports shared libraries
configure:10948: result: yes
configure:10951: checking whether to build shared libraries
configure:10972: result: yes
configure:10975: checking whether to build static libraries
configure:10979: result: yes
configure:11075: checking for gcc
configure:11102: result: gcc
configure:11331: checking for C compiler version
configure:11340: gcc --version >&5
gcc (Ubuntu 5.4.0-6ubuntu1~16.04.4) 5.4.0 20160609
Copyright (C) 2015 Free Software Foundation, Inc.
This is free software; see the source for copying conditions.  There is NO
warranty; not even for MERCHANTABILITY or FITNESS FOR A PARTICULAR PURPOSE.

configure:11351: $? = 0
configure:11340: gcc -v >&5
Using built-in specs.
COLLECT_GCC=gcc
COLLECT_LTO_WRAPPER=/usr/lib/gcc/x86_64-linux-gnu/5/lto-wrapper
Target: x86_64-linux-gnu
Configured with: ../src/configure -v --with-pkgversion='Ubuntu 5.4.0-6ubuntu1~16.04.4' --with-bugurl=file:///usr/share/doc/gcc-5/README.Bugs --enable-languages=c,ada,c++,java,go,d,fortran,objc,obj-c++ --prefix=/usr --program-suffix=-5 --enable-shared --enable-linker-build-id --libexecdir=/usr/lib --without-included-gettext --enable-threads=posix --libdir=/usr/lib --enable-nls --with-sysroot=/ --enable-clocale=gnu --enable-libstdcxx-debug --enable-libstdcxx-time=yes --with-default-libstdcxx-abi=new --enable-gnu-unique-object --disable-vtable-verify --enable-libmpx --enable-plugin --with-system-zlib --disable-browser-plugin --enable-java-awt=gtk --enable-gtk-cairo --with-java-home=/usr/lib/jvm/java-1.5.0-gcj-5-amd64/jre --enable-java-home --with-jvm-root-dir=/usr/lib/jvm/java-1.5.0-gcj-5-amd64 --with-jvm-jar-dir=/usr/lib/jvm-exports/java-1.5.0-gcj-5-amd64 --with-arch-directory=amd64 --with-ecj-jar=/usr/share/java/eclipse-ecj.jar --enable-objc-gc --enable-multiarch --disable-werror --with-arch-32=i686 --with-abi=m64 --with-multilib-list=m32,m64,mx32 --enable-multilib --with-tune=generic --enable-checking=release --build=x86_64-linux-gnu --host=x86_64-linux-gnu --target=x86_64-linux-gnu
Thread model: posix
gcc version 5.4.0 20160609 (Ubuntu 5.4.0-6ubuntu1~16.04.4) 
configure:11351: $? = 0
configure:11340: gcc -V >&5
gcc: error: unrecognized command line option '-V'
gcc: fatal error: no input files
compilation terminated.
configure:11351: $? = 1
configure:11340: gcc -qversion >&5
gcc: error: unrecognized command line option '-qversion'
gcc: fatal error: no input files
compilation terminated.
configure:11351: $? = 1
configure:11355: checking whether we are using the GNU C compiler
configure:11383: result: yes
configure:11392: checking whether gcc accepts -g
configure:11453: result: yes
configure:11470: checking for gcc option to accept ISO C89
configure:11546: result: none needed
configure:11568: checking dependency style of gcc
configure:11659: result: gcc3
configure:11680: checking how to run the C preprocessor
configure:11750: result: gcc -E
configure:11770: gcc -E  conftest.c
configure:11770: $? = 0
configure:11784: gcc -E  conftest.c
conftest.c:28:28: fatal error: ac_nonexistent.h: No such file or directory
compilation terminated.
configure:11784: $? = 1
configure: failed program was:
| /* confdefs.h */
| #define PACKAGE_NAME "Clustal Omega"
| #define PACKAGE_TARNAME "clustal-omega"
| #define PACKAGE_VERSION "1.2.4"
| #define PACKAGE_STRING "Clustal Omega 1.2.4"
| #define PACKAGE_BUGREPORT "clustalw@ucd.ie"
| #define PACKAGE_URL ""
| #define PACKAGE "clustal-omega"
| #define VERSION "1.2.4"
| #define STDC_HEADERS 1
| #define HAVE_SYS_TYPES_H 1
| #define HAVE_SYS_STAT_H 1
| #define HAVE_STDLIB_H 1
| #define HAVE_STRING_H 1
| #define HAVE_MEMORY_H 1
| #define HAVE_STRINGS_H 1
| #define HAVE_INTTYPES_H 1
| #define HAVE_STDINT_H 1
| #define HAVE_UNISTD_H 1
| #define __EXTENSIONS__ 1
| #define _ALL_SOURCE 1
| #define _GNU_SOURCE 1
| #define _POSIX_PTHREAD_SEMANTICS 1
| #define _TANDEM_SOURCE 1
| #define HAVE_DLFCN_H 1
| #define LT_OBJDIR ".libs/"
| /* end confdefs.h.  */
| #include <ac_nonexistent.h>
configure:11875: checking for g++
configure:11891: found /usr/bin/g++
configure:11902: result: g++
configure:11929: checking for C++ compiler version
configure:11938: g++ --version >&5
g++ (Ubuntu 5.4.0-6ubuntu1~16.04.4) 5.4.0 20160609
Copyright (C) 2015 Free Software Foundation, Inc.
This is free software; see the source for copying conditions.  There is NO
warranty; not even for MERCHANTABILITY or FITNESS FOR A PARTICULAR PURPOSE.

configure:11949: $? = 0
configure:11938: g++ -v >&5
Using built-in specs.
COLLECT_GCC=g++
COLLECT_LTO_WRAPPER=/usr/lib/gcc/x86_64-linux-gnu/5/lto-wrapper
Target: x86_64-linux-gnu
Configured with: ../src/configure -v --with-pkgversion='Ubuntu 5.4.0-6ubuntu1~16.04.4' --with-bugurl=file:///usr/share/doc/gcc-5/README.Bugs --enable-languages=c,ada,c++,java,go,d,fortran,objc,obj-c++ --prefix=/usr --program-suffix=-5 --enable-shared --enable-linker-build-id --libexecdir=/usr/lib --without-included-gettext --enable-threads=posix --libdir=/usr/lib --enable-nls --with-sysroot=/ --enable-clocale=gnu --enable-libstdcxx-debug --enable-libstdcxx-time=yes --with-default-libstdcxx-abi=new --enable-gnu-unique-object --disable-vtable-verify --enable-libmpx --enable-plugin --with-system-zlib --disable-browser-plugin --enable-java-awt=gtk --enable-gtk-cairo --with-java-home=/usr/lib/jvm/java-1.5.0-gcj-5-amd64/jre --enable-java-home --with-jvm-root-dir=/usr/lib/jvm/java-1.5.0-gcj-5-amd64 --with-jvm-jar-dir=/usr/lib/jvm-exports/java-1.5.0-gcj-5-amd64 --with-arch-directory=amd64 --with-ecj-jar=/usr/share/java/eclipse-ecj.jar --enable-objc-gc --enable-multiarch --disable-werror --with-arch-32=i686 --with-abi=m64 --with-multilib-list=m32,m64,mx32 --enable-multilib --with-tune=generic --enable-checking=release --build=x86_64-linux-gnu --host=x86_64-linux-gnu --target=x86_64-linux-gnu
Thread model: posix
gcc version 5.4.0 20160609 (Ubuntu 5.4.0-6ubuntu1~16.04.4) 
configure:11949: $? = 0
configure:11938: g++ -V >&5
g++: error: unrecognized command line option '-V'
g++: fatal error: no input files
compilation terminated.
configure:11949: $? = 1
configure:11938: g++ -qversion >&5
g++: error: unrecognized command line option '-qversion'
g++: fatal error: no input files
compilation terminated.
configure:11949: $? = 1
configure:11953: checking whether we are using the GNU C++ compiler
configure:11972: g++ -c   conftest.cpp >&5
configure:11972: $? = 0
configure:11981: result: yes
configure:11990: checking whether g++ accepts -g
configure:12010: g++ -c -g  conftest.cpp >&5
configure:12010: $? = 0
configure:12051: result: yes
configure:12076: checking dependency style of g++
configure:12167: result: gcc3
configure:12295: checking for C++ compiler version
configure:12304: g++ --version >&5
g++ (Ubuntu 5.4.0-6ubuntu1~16.04.4) 5.4.0 20160609
Copyright (C) 2015 Free Software Foundation, Inc.
This is free software; see the source for copying conditions.  There is NO
warranty; not even for MERCHANTABILITY or FITNESS FOR A PARTICULAR PURPOSE.

configure:12315: $? = 0
configure:12304: g++ -v >&5
Using built-in specs.
COLLECT_GCC=g++
COLLECT_LTO_WRAPPER=/usr/lib/gcc/x86_64-linux-gnu/5/lto-wrapper
Target: x86_64-linux-gnu
Configured with: ../src/configure -v --with-pkgversion='Ubuntu 5.4.0-6ubuntu1~16.04.4' --with-bugurl=file:///usr/share/doc/gcc-5/README.Bugs --enable-languages=c,ada,c++,java,go,d,fortran,objc,obj-c++ --prefix=/usr --program-suffix=-5 --enable-shared --enable-linker-build-id --libexecdir=/usr/lib --without-included-gettext --enable-threads=posix --libdir=/usr/lib --enable-nls --with-sysroot=/ --enable-clocale=gnu --enable-libstdcxx-debug --enable-libstdcxx-time=yes --with-default-libstdcxx-abi=new --enable-gnu-unique-object --disable-vtable-verify --enable-libmpx --enable-plugin --with-system-zlib --disable-browser-plugin --enable-java-awt=gtk --enable-gtk-cairo --with-java-home=/usr/lib/jvm/java-1.5.0-gcj-5-amd64/jre --enable-java-home --with-jvm-root-dir=/usr/lib/jvm/java-1.5.0-gcj-5-amd64 --with-jvm-jar-dir=/usr/lib/jvm-exports/java-1.5.0-gcj-5-amd64 --with-arch-directory=amd64 --with-ecj-jar=/usr/share/java/eclipse-ecj.jar --enable-objc-gc --enable-multiarch --disable-werror --with-arch-32=i686 --with-abi=m64 --with-multilib-list=m32,m64,mx32 --enable-multilib --with-tune=generic --enable-checking=release --build=x86_64-linux-gnu --host=x86_64-linux-gnu --target=x86_64-linux-gnu
Thread model: posix
gcc version 5.4.0 20160609 (Ubuntu 5.4.0-6ubuntu1~16.04.4) 
configure:12315: $? = 0
configure:12304: g++ -V >&5
g++: error: unrecognized command line option '-V'
g++: fatal error: no input files
compilation terminated.
configure:12315: $? = 1
configure:12304: g++ -qversion >&5
g++: error: unrecognized command line option '-qversion'
g++: fatal error: no input files
compilation terminated.
configure:12315: $? = 1
configure:12319: checking whether we are using the GNU C++ compiler
configure:12347: result: yes
configure:12356: checking whether g++ accepts -g
configure:12417: result: yes
configure:12442: checking dependency style of g++
configure:12533: result: gcc3
configure:12556: checking how to run the C++ preprocessor
configure:12583: g++ -E  conftest.cpp
configure:12583: $? = 0
configure:12597: g++ -E  conftest.cpp
conftest.cpp:28:28: fatal error: ac_nonexistent.h: No such file or directory
compilation terminated.
configure:12597: $? = 1
configure: failed program was:
| /* confdefs.h */
| #define PACKAGE_NAME "Clustal Omega"
| #define PACKAGE_TARNAME "clustal-omega"
| #define PACKAGE_VERSION "1.2.4"
| #define PACKAGE_STRING "Clustal Omega 1.2.4"
| #define PACKAGE_BUGREPORT "clustalw@ucd.ie"
| #define PACKAGE_URL ""
| #define PACKAGE "clustal-omega"
| #define VERSION "1.2.4"
| #define STDC_HEADERS 1
| #define HAVE_SYS_TYPES_H 1
| #define HAVE_SYS_STAT_H 1
| #define HAVE_STDLIB_H 1
| #define HAVE_STRING_H 1
| #define HAVE_MEMORY_H 1
| #define HAVE_STRINGS_H 1
| #define HAVE_INTTYPES_H 1
| #define HAVE_STDINT_H 1
| #define HAVE_UNISTD_H 1
| #define __EXTENSIONS__ 1
| #define _ALL_SOURCE 1
| #define _GNU_SOURCE 1
| #define _POSIX_PTHREAD_SEMANTICS 1
| #define _TANDEM_SOURCE 1
| #define HAVE_DLFCN_H 1
| #define LT_OBJDIR ".libs/"
| /* end confdefs.h.  */
| #include <ac_nonexistent.h>
configure:12622: result: g++ -E
configure:12642: g++ -E  conftest.cpp
configure:12642: $? = 0
configure:12656: g++ -E  conftest.cpp
conftest.cpp:28:28: fatal error: ac_nonexistent.h: No such file or directory
compilation terminated.
configure:12656: $? = 1
configure: failed program was:
| /* confdefs.h */
| #define PACKAGE_NAME "Clustal Omega"
| #define PACKAGE_TARNAME "clustal-omega"
| #define PACKAGE_VERSION "1.2.4"
| #define PACKAGE_STRING "Clustal Omega 1.2.4"
| #define PACKAGE_BUGREPORT "clustalw@ucd.ie"
| #define PACKAGE_URL ""
| #define PACKAGE "clustal-omega"
| #define VERSION "1.2.4"
| #define STDC_HEADERS 1
| #define HAVE_SYS_TYPES_H 1
| #define HAVE_SYS_STAT_H 1
| #define HAVE_STDLIB_H 1
| #define HAVE_STRING_H 1
| #define HAVE_MEMORY_H 1
| #define HAVE_STRINGS_H 1
| #define HAVE_INTTYPES_H 1
| #define HAVE_STDINT_H 1
| #define HAVE_UNISTD_H 1
| #define __EXTENSIONS__ 1
| #define _ALL_SOURCE 1
| #define _GNU_SOURCE 1
| #define _POSIX_PTHREAD_SEMANTICS 1
| #define _TANDEM_SOURCE 1
| #define HAVE_DLFCN_H 1
| #define LT_OBJDIR ".libs/"
| /* end confdefs.h.  */
| #include <ac_nonexistent.h>
configure:12824: checking for ld used by g++
configure:12891: result: /usr/bin/ld -m elf_x86_64
configure:12898: checking if the linker (/usr/bin/ld -m elf_x86_64) is GNU ld
configure:12913: result: yes
configure:12968: checking whether the g++ linker (/usr/bin/ld -m elf_x86_64) supports shared libraries
configure:13881: result: yes
configure:13909: g++ -c -g -O2  conftest.cpp >&5
configure:13912: $? = 0
configure:14094: checking for g++ option to produce PIC
configure:14411: result: -fPIC -DPIC
configure:14420: checking if g++ PIC flag -fPIC -DPIC works
configure:14438: g++ -c -g -O2  -fPIC -DPIC -DPIC conftest.cpp >&5
configure:14442: $? = 0
configure:14455: result: yes
configure:14476: checking if g++ static flag -static works
configure:14504: result: yes
configure:14516: checking if g++ supports -c -o file.o
configure:14537: g++ -c -g -O2  -o out/conftest2.o conftest.cpp >&5
configure:14541: $? = 0
configure:14563: result: yes
configure:14568: checking if g++ supports -c -o file.o
configure:14615: result: yes
configure:14645: checking whether the g++ linker (/usr/bin/ld -m elf_x86_64) supports shared libraries
configure:14674: result: yes
configure:14811: checking dynamic linker characteristics
configure:15192: g++ -o conftest -g -O2   -Wl,-rpath -Wl,/foo conftest.cpp  >&5
configure:15192: $? = 0
configure:15422: result: GNU/Linux ld.so
configure:15473: checking how to hardcode library paths into programs
configure:15498: result: immediate
configure:15543: checking how to run the C++ preprocessor
configure:15609: result: g++ -E
configure:15629: g++ -E  conftest.cpp
configure:15629: $? = 0
configure:15643: g++ -E  conftest.cpp
conftest.cpp:28:28: fatal error: ac_nonexistent.h: No such file or directory
compilation terminated.
configure:15643: $? = 1
configure: failed program was:
| /* confdefs.h */
| #define PACKAGE_NAME "Clustal Omega"
| #define PACKAGE_TARNAME "clustal-omega"
| #define PACKAGE_VERSION "1.2.4"
| #define PACKAGE_STRING "Clustal Omega 1.2.4"
| #define PACKAGE_BUGREPORT "clustalw@ucd.ie"
| #define PACKAGE_URL ""
| #define PACKAGE "clustal-omega"
| #define VERSION "1.2.4"
| #define STDC_HEADERS 1
| #define HAVE_SYS_TYPES_H 1
| #define HAVE_SYS_STAT_H 1
| #define HAVE_STDLIB_H 1
| #define HAVE_STRING_H 1
| #define HAVE_MEMORY_H 1
| #define HAVE_STRINGS_H 1
| #define HAVE_INTTYPES_H 1
| #define HAVE_STDINT_H 1
| #define HAVE_UNISTD_H 1
| #define __EXTENSIONS__ 1
| #define _ALL_SOURCE 1
| #define _GNU_SOURCE 1
| #define _POSIX_PTHREAD_SEMANTICS 1
| #define _TANDEM_SOURCE 1
| #define HAVE_DLFCN_H 1
| #define LT_OBJDIR ".libs/"
| /* end confdefs.h.  */
| #include <ac_nonexistent.h>
configure:15824: checking for ANSI C header files
configure:15928: result: yes
configure:15940: checking assert.h usability
configure:15940: gcc -c -g -O2  conftest.c >&5
configure:15940: $? = 0
configure:15940: result: yes
configure:15940: checking assert.h presence
configure:15940: gcc -E  conftest.c
configure:15940: $? = 0
configure:15940: result: yes
configure:15940: checking for assert.h
configure:15940: result: yes
configure:15940: checking ctype.h usability
configure:15940: gcc -c -g -O2  conftest.c >&5
configure:15940: $? = 0
configure:15940: result: yes
configure:15940: checking ctype.h presence
configure:15940: gcc -E  conftest.c
configure:15940: $? = 0
configure:15940: result: yes
configure:15940: checking for ctype.h
configure:15940: result: yes
configure:15940: checking float.h usability
configure:15940: gcc -c -g -O2  conftest.c >&5
configure:15940: $? = 0
configure:15940: result: yes
configure:15940: checking float.h presence
configure:15940: gcc -E  conftest.c
configure:15940: $? = 0
configure:15940: result: yes
configure:15940: checking for float.h
configure:15940: result: yes
configure:15940: checking limits.h usability
configure:15940: gcc -c -g -O2  conftest.c >&5
configure:15940: $? = 0
configure:15940: result: yes
configure:15940: checking limits.h presence
configure:15940: gcc -E  conftest.c
configure:15940: $? = 0
configure:15940: result: yes
configure:15940: checking for limits.h
configure:15940: result: yes
configure:15940: checking math.h usability
configure:15940: gcc -c -g -O2  conftest.c >&5
configure:15940: $? = 0
configure:15940: result: yes
configure:15940: checking math.h presence
configure:15940: gcc -E  conftest.c
configure:15940: $? = 0
configure:15940: result: yes
configure:15940: checking for math.h
configure:15940: result: yes
configure:15940: checking for memory.h
configure:15940: result: yes
configure:15940: checking stdarg.h usability
configure:15940: gcc -c -g -O2  conftest.c >&5
configure:15940: $? = 0
configure:15940: result: yes
configure:15940: checking stdarg.h presence
configure:15940: gcc -E  conftest.c
configure:15940: $? = 0
configure:15940: result: yes
configure:15940: checking for stdarg.h
configure:15940: result: yes
configure:15940: checking stdio.h usability
configure:15940: gcc -c -g -O2  conftest.c >&5
configure:15940: $? = 0
configure:15940: result: yes
configure:15940: checking stdio.h presence
configure:15940: gcc -E  conftest.c
configure:15940: $? = 0
configure:15940: result: yes
configure:15940: checking for stdio.h
configure:15940: result: yes
configure:15940: checking for stdlib.h
configure:15940: result: yes
configure:15940: checking for string.h
configure:15940: result: yes
configure:15940: checking time.h usability
configure:15940: gcc -c -g -O2  conftest.c >&5
configure:15940: $? = 0
configure:15940: result: yes
configure:15940: checking time.h presence
configure:15940: gcc -E  conftest.c
configure:15940: $? = 0
configure:15940: result: yes
configure:15940: checking for time.h
configure:15940: result: yes
configure:15940: checking for unistd.h
configure:15940: result: yes
configure:15953: checking for an ANSI C-conforming const
configure:16019: gcc -c -g -O2  conftest.c >&5
configure:16019: $? = 0
configure:16026: result: yes
configure:16034: checking for size_t
configure:16034: gcc -c -g -O2  conftest.c >&5
configure:16034: $? = 0
configure:16034: gcc -c -g -O2  conftest.c >&5
conftest.c: In function 'main':
conftest.c:80:21: error: expected expression before ')' token
 if (sizeof ((size_t)))
                     ^
configure:16034: $? = 1
configure: failed program was:
| /* confdefs.h */
| #define PACKAGE_NAME "Clustal Omega"
| #define PACKAGE_TARNAME "clustal-omega"
| #define PACKAGE_VERSION "1.2.4"
| #define PACKAGE_STRING "Clustal Omega 1.2.4"
| #define PACKAGE_BUGREPORT "clustalw@ucd.ie"
| #define PACKAGE_URL ""
| #define PACKAGE "clustal-omega"
| #define VERSION "1.2.4"
| #define STDC_HEADERS 1
| #define HAVE_SYS_TYPES_H 1
| #define HAVE_SYS_STAT_H 1
| #define HAVE_STDLIB_H 1
| #define HAVE_STRING_H 1
| #define HAVE_MEMORY_H 1
| #define HAVE_STRINGS_H 1
| #define HAVE_INTTYPES_H 1
| #define HAVE_STDINT_H 1
| #define HAVE_UNISTD_H 1
| #define __EXTENSIONS__ 1
| #define _ALL_SOURCE 1
| #define _GNU_SOURCE 1
| #define _POSIX_PTHREAD_SEMANTICS 1
| #define _TANDEM_SOURCE 1
| #define HAVE_DLFCN_H 1
| #define LT_OBJDIR ".libs/"
| #define CLUSTALO 1
| #define PACKAGE_CODENAME "AndreaGiacomo"
| #define LINUX 1
| #define STDC_HEADERS 1
| #define HAVE_ASSERT_H 1
| #define HAVE_CTYPE_H 1
| #define HAVE_FLOAT_H 1
| #define HAVE_LIMITS_H 1
| #define HAVE_MATH_H 1
| #define HAVE_MEMORY_H 1
| #define HAVE_STDARG_H 1
| #define HAVE_STDIO_H 1
| #define HAVE_STDLIB_H 1
| #define HAVE_STRING_H 1
| #define HAVE_TIME_H 1
| #define HAVE_UNISTD_H 1
| /* end confdefs.h.  */
| #include <stdio.h>
| #ifdef HAVE_SYS_TYPES_H
| # include <sys/types.h>
| #endif
| #ifdef HAVE_SYS_STAT_H
| # include <sys/stat.h>
| #endif
| #ifdef STDC_HEADERS
| # include <stdlib.h>
| # include <stddef.h>
| #else
| # ifdef HAVE_STDLIB_H
| #  include <stdlib.h>
| # endif
| #endif
| #ifdef HAVE_STRING_H
| # if !defined STDC_HEADERS && defined HAVE_MEMORY_H
| #  include <memory.h>
| # endif
| # include <string.h>
| #endif
| #ifdef HAVE_STRINGS_H
| # include <strings.h>
| #endif
| #ifdef HAVE_INTTYPES_H
| # include <inttypes.h>
| #endif
| #ifdef HAVE_STDINT_H
| # include <stdint.h>
| #endif
| #ifdef HAVE_UNISTD_H
| # include <unistd.h>
| #endif
| int
| main ()
| {
| if (sizeof ((size_t)))
| 	    return 0;
|   ;
|   return 0;
| }
configure:16034: result: yes
configure:16045: checking for inline
configure:16061: gcc -c -g -O2  conftest.c >&5
configure:16061: $? = 0
configure:16069: result: inline
configure:16094: checking for log in -lm
configure:16119: gcc -o conftest -g -O2   conftest.c -lm   >&5
conftest.c:51:6: warning: conflicting types for built-in function 'log'
 char log ();
      ^
configure:16119: $? = 0
configure:16128: result: yes
configure:16141: checking for log2 in -lm
configure:16166: gcc -o conftest -g -O2   conftest.c -lm  -lm  >&5
conftest.c:52:6: warning: conflicting types for built-in function 'log2'
 char log2 ();
      ^
configure:16166: $? = 0
configure:16175: result: yes
configure:16190: checking argtable2.h usability
configure:16190: gcc -c -g -O2  conftest.c >&5
configure:16190: $? = 0
configure:16190: result: yes
configure:16190: checking argtable2.h presence
configure:16190: gcc -E  conftest.c
configure:16190: $? = 0
configure:16190: result: yes
configure:16190: checking for argtable2.h
configure:16190: result: yes
configure:16202: checking for arg_parse in -largtable2
configure:16227: gcc -o conftest -g -O2   conftest.c -largtable2  -lm  >&5
configure:16227: $? = 0
configure:16236: result: yes
configure:16387: checking for OpenMP flag of C compiler
configure:16423: gcc -o conftest -g -O2 -fopenmp   conftest.c -largtable2 -lm  >&5
configure:16423: $? = 0
configure:16432: result: -fopenmp
configure:16477: checking whether byte ordering is bigendian
configure:16492: gcc -c -g -O2  conftest.c >&5
conftest.c:50:9: error: unknown type name 'not'
         not a universal capable compiler
         ^
conftest.c:50:15: error: expected '=', ',', ';', 'asm' or '__attribute__' before 'universal'
         not a universal capable compiler
               ^
conftest.c:50:15: error: unknown type name 'universal'
configure:16492: $? = 1
configure: failed program was:
| /* confdefs.h */
| #define PACKAGE_NAME "Clustal Omega"
| #define PACKAGE_TARNAME "clustal-omega"
| #define PACKAGE_VERSION "1.2.4"
| #define PACKAGE_STRING "Clustal Omega 1.2.4"
| #define PACKAGE_BUGREPORT "clustalw@ucd.ie"
| #define PACKAGE_URL ""
| #define PACKAGE "clustal-omega"
| #define VERSION "1.2.4"
| #define STDC_HEADERS 1
| #define HAVE_SYS_TYPES_H 1
| #define HAVE_SYS_STAT_H 1
| #define HAVE_STDLIB_H 1
| #define HAVE_STRING_H 1
| #define HAVE_MEMORY_H 1
| #define HAVE_STRINGS_H 1
| #define HAVE_INTTYPES_H 1
| #define HAVE_STDINT_H 1
| #define HAVE_UNISTD_H 1
| #define __EXTENSIONS__ 1
| #define _ALL_SOURCE 1
| #define _GNU_SOURCE 1
| #define _POSIX_PTHREAD_SEMANTICS 1
| #define _TANDEM_SOURCE 1
| #define HAVE_DLFCN_H 1
| #define LT_OBJDIR ".libs/"
| #define CLUSTALO 1
| #define PACKAGE_CODENAME "AndreaGiacomo"
| #define LINUX 1
| #define STDC_HEADERS 1
| #define HAVE_ASSERT_H 1
| #define HAVE_CTYPE_H 1
| #define HAVE_FLOAT_H 1
| #define HAVE_LIMITS_H 1
| #define HAVE_MATH_H 1
| #define HAVE_MEMORY_H 1
| #define HAVE_STDARG_H 1
| #define HAVE_STDIO_H 1
| #define HAVE_STDLIB_H 1
| #define HAVE_STRING_H 1
| #define HAVE_TIME_H 1
| #define HAVE_UNISTD_H 1
| #define HAVE_LIBM 1
| #define HAVE_LOG2 1
| #define HAVE_ARGTABLE2_H 1
| #define HAVE_LIBARGTABLE2 1
| #define HAVE_OPENMP 1
| /* end confdefs.h.  */
| #ifndef __APPLE_CC__
| 	       not a universal capable compiler
| 	     #endif
| 	     typedef int dummy;
| 
configure:16537: gcc -c -g -O2  conftest.c >&5
configure:16537: $? = 0
configure:16555: gcc -c -g -O2  conftest.c >&5
conftest.c: In function 'main':
conftest.c:56:4: error: unknown type name 'not'
    not big endian
    ^
conftest.c:56:12: error: expected '=', ',', ';', 'asm' or '__attribute__' before 'endian'
    not big endian
            ^
configure:16555: $? = 1
configure: failed program was:
| /* confdefs.h */
| #define PACKAGE_NAME "Clustal Omega"
| #define PACKAGE_TARNAME "clustal-omega"
| #define PACKAGE_VERSION "1.2.4"
| #define PACKAGE_STRING "Clustal Omega 1.2.4"
| #define PACKAGE_BUGREPORT "clustalw@ucd.ie"
| #define PACKAGE_URL ""
| #define PACKAGE "clustal-omega"
| #define VERSION "1.2.4"
| #define STDC_HEADERS 1
| #define HAVE_SYS_TYPES_H 1
| #define HAVE_SYS_STAT_H 1
| #define HAVE_STDLIB_H 1
| #define HAVE_STRING_H 1
| #define HAVE_MEMORY_H 1
| #define HAVE_STRINGS_H 1
| #define HAVE_INTTYPES_H 1
| #define HAVE_STDINT_H 1
| #define HAVE_UNISTD_H 1
| #define __EXTENSIONS__ 1
| #define _ALL_SOURCE 1
| #define _GNU_SOURCE 1
| #define _POSIX_PTHREAD_SEMANTICS 1
| #define _TANDEM_SOURCE 1
| #define HAVE_DLFCN_H 1
| #define LT_OBJDIR ".libs/"
| #define CLUSTALO 1
| #define PACKAGE_CODENAME "AndreaGiacomo"
| #define LINUX 1
| #define STDC_HEADERS 1
| #define HAVE_ASSERT_H 1
| #define HAVE_CTYPE_H 1
| #define HAVE_FLOAT_H 1
| #define HAVE_LIMITS_H 1
| #define HAVE_MATH_H 1
| #define HAVE_MEMORY_H 1
| #define HAVE_STDARG_H 1
| #define HAVE_STDIO_H 1
| #define HAVE_STDLIB_H 1
| #define HAVE_STRING_H 1
| #define HAVE_TIME_H 1
| #define HAVE_UNISTD_H 1
| #define HAVE_LIBM 1
| #define HAVE_LOG2 1
| #define HAVE_ARGTABLE2_H 1
| #define HAVE_LIBARGTABLE2 1
| #define HAVE_OPENMP 1
| /* end confdefs.h.  */
| #include <sys/types.h>
| 		#include <sys/param.h>
| 
| int
| main ()
| {
| #if BYTE_ORDER != BIG_ENDIAN
| 		 not big endian
| 		#endif
| 
|   ;
|   return 0;
| }
configure:16683: result: no
configure:16704: checking for ntohs
configure:16704: gcc -o conftest -g -O2   conftest.c -largtable2 -lm  >&5
configure:16704: $? = 0
configure:16704: result: yes
configure:16704: checking for ntohl
configure:16704: gcc -o conftest -g -O2   conftest.c -largtable2 -lm  >&5
configure:16704: $? = 0
configure:16704: result: yes
configure:16704: checking for ntons
configure:16704: gcc -o conftest -g -O2   conftest.c -largtable2 -lm  >&5
/tmp/ccQ3uXew.o: In function `main':
/home/contrera/codigo/github/get_phylomarkers/bin/tmp/clustal-omega-1.2.4/conftest.c:85: undefined reference to `ntons'
collect2: error: ld returned 1 exit status
configure:16704: $? = 1
configure: failed program was:
| /* confdefs.h */
| #define PACKAGE_NAME "Clustal Omega"
| #define PACKAGE_TARNAME "clustal-omega"
| #define PACKAGE_VERSION "1.2.4"
| #define PACKAGE_STRING "Clustal Omega 1.2.4"
| #define PACKAGE_BUGREPORT "clustalw@ucd.ie"
| #define PACKAGE_URL ""
| #define PACKAGE "clustal-omega"
| #define VERSION "1.2.4"
| #define STDC_HEADERS 1
| #define HAVE_SYS_TYPES_H 1
| #define HAVE_SYS_STAT_H 1
| #define HAVE_STDLIB_H 1
| #define HAVE_STRING_H 1
| #define HAVE_MEMORY_H 1
| #define HAVE_STRINGS_H 1
| #define HAVE_INTTYPES_H 1
| #define HAVE_STDINT_H 1
| #define HAVE_UNISTD_H 1
| #define __EXTENSIONS__ 1
| #define _ALL_SOURCE 1
| #define _GNU_SOURCE 1
| #define _POSIX_PTHREAD_SEMANTICS 1
| #define _TANDEM_SOURCE 1
| #define HAVE_DLFCN_H 1
| #define LT_OBJDIR ".libs/"
| #define CLUSTALO 1
| #define PACKAGE_CODENAME "AndreaGiacomo"
| #define LINUX 1
| #define STDC_HEADERS 1
| #define HAVE_ASSERT_H 1
| #define HAVE_CTYPE_H 1
| #define HAVE_FLOAT_H 1
| #define HAVE_LIMITS_H 1
| #define HAVE_MATH_H 1
| #define HAVE_MEMORY_H 1
| #define HAVE_STDARG_H 1
| #define HAVE_STDIO_H 1
| #define HAVE_STDLIB_H 1
| #define HAVE_STRING_H 1
| #define HAVE_TIME_H 1
| #define HAVE_UNISTD_H 1
| #define HAVE_LIBM 1
| #define HAVE_LOG2 1
| #define HAVE_ARGTABLE2_H 1
| #define HAVE_LIBARGTABLE2 1
| #define HAVE_OPENMP 1
| #define HAVE_NTOHS 1
| #define HAVE_NTOHL 1
| /* end confdefs.h.  */
| /* Define ntons to an innocuous variant, in case <limits.h> declares ntons.
|    For example, HP-UX 11i <limits.h> declares gettimeofday.  */
| #define ntons innocuous_ntons
| 
| /* System header to define __stub macros and hopefully few prototypes,
|     which can conflict with char ntons (); below.
|     Prefer <limits.h> to <assert.h> if __STDC__ is defined, since
|     <limits.h> exists even on freestanding compilers.  */
| 
| #ifdef __STDC__
| # include <limits.h>
| #else
| # include <assert.h>
| #endif
| 
| #undef ntons
| 
| /* Override any GCC internal prototype to avoid an error.
|    Use char because int might match the return type of a GCC
|    builtin and then its argument prototype would still apply.  */
| #ifdef __cplusplus
| extern "C"
| #endif
| char ntons ();
| /* The GNU C library defines this for functions which it implements
|     to always fail with ENOSYS.  Some functions are actually named
|     something starting with __ and the normal name is an alias.  */
| #if defined __stub_ntons || defined __stub___ntons
| choke me
| #endif
| 
| int
| main ()
| {
| return ntons ();
|   ;
|   return 0;
| }
configure:16704: result: no
configure:16704: checking for ntonl
configure:16704: gcc -o conftest -g -O2   conftest.c -largtable2 -lm  >&5
/tmp/cc4aJify.o: In function `main':
/home/contrera/codigo/github/get_phylomarkers/bin/tmp/clustal-omega-1.2.4/conftest.c:85: undefined reference to `ntonl'
collect2: error: ld returned 1 exit status
configure:16704: $? = 1
configure: failed program was:
| /* confdefs.h */
| #define PACKAGE_NAME "Clustal Omega"
| #define PACKAGE_TARNAME "clustal-omega"
| #define PACKAGE_VERSION "1.2.4"
| #define PACKAGE_STRING "Clustal Omega 1.2.4"
| #define PACKAGE_BUGREPORT "clustalw@ucd.ie"
| #define PACKAGE_URL ""
| #define PACKAGE "clustal-omega"
| #define VERSION "1.2.4"
| #define STDC_HEADERS 1
| #define HAVE_SYS_TYPES_H 1
| #define HAVE_SYS_STAT_H 1
| #define HAVE_STDLIB_H 1
| #define HAVE_STRING_H 1
| #define HAVE_MEMORY_H 1
| #define HAVE_STRINGS_H 1
| #define HAVE_INTTYPES_H 1
| #define HAVE_STDINT_H 1
| #define HAVE_UNISTD_H 1
| #define __EXTENSIONS__ 1
| #define _ALL_SOURCE 1
| #define _GNU_SOURCE 1
| #define _POSIX_PTHREAD_SEMANTICS 1
| #define _TANDEM_SOURCE 1
| #define HAVE_DLFCN_H 1
| #define LT_OBJDIR ".libs/"
| #define CLUSTALO 1
| #define PACKAGE_CODENAME "AndreaGiacomo"
| #define LINUX 1
| #define STDC_HEADERS 1
| #define HAVE_ASSERT_H 1
| #define HAVE_CTYPE_H 1
| #define HAVE_FLOAT_H 1
| #define HAVE_LIMITS_H 1
| #define HAVE_MATH_H 1
| #define HAVE_MEMORY_H 1
| #define HAVE_STDARG_H 1
| #define HAVE_STDIO_H 1
| #define HAVE_STDLIB_H 1
| #define HAVE_STRING_H 1
| #define HAVE_TIME_H 1
| #define HAVE_UNISTD_H 1
| #define HAVE_LIBM 1
| #define HAVE_LOG2 1
| #define HAVE_ARGTABLE2_H 1
| #define HAVE_LIBARGTABLE2 1
| #define HAVE_OPENMP 1
| #define HAVE_NTOHS 1
| #define HAVE_NTOHL 1
| /* end confdefs.h.  */
| /* Define ntonl to an innocuous variant, in case <limits.h> declares ntonl.
|    For example, HP-UX 11i <limits.h> declares gettimeofday.  */
| #define ntonl innocuous_ntonl
| 
| /* System header to define __stub macros and hopefully few prototypes,
|     which can conflict with char ntonl (); below.
|     Prefer <limits.h> to <assert.h> if __STDC__ is defined, since
|     <limits.h> exists even on freestanding compilers.  */
| 
| #ifdef __STDC__
| # include <limits.h>
| #else
| # include <assert.h>
| #endif
| 
| #undef ntonl
| 
| /* Override any GCC internal prototype to avoid an error.
|    Use char because int might match the return type of a GCC
|    builtin and then its argument prototype would still apply.  */
| #ifdef __cplusplus
| extern "C"
| #endif
| char ntonl ();
| /* The GNU C library defines this for functions which it implements
|     to always fail with ENOSYS.  Some functions are actually named
|     something starting with __ and the normal name is an alias.  */
| #if defined __stub_ntonl || defined __stub___ntonl
| choke me
| #endif
| 
| int
| main ()
| {
| return ntonl ();
|   ;
|   return 0;
| }
configure:16704: result: no
configure:16718: checking size of unsigned short
configure:16723: gcc -o conftest -g -O2   conftest.c -largtable2 -lm  >&5
configure:16723: $? = 0
configure:16723: ./conftest
configure:16723: $? = 0
configure:16737: result: 2
configure:16751: checking size of unsigned int
configure:16756: gcc -o conftest -g -O2   conftest.c -largtable2 -lm  >&5
configure:16756: $? = 0
configure:16756: ./conftest
configure:16756: $? = 0
configure:16770: result: 4
configure:16784: checking size of unsigned long
configure:16789: gcc -o conftest -g -O2   conftest.c -largtable2 -lm  >&5
configure:16789: $? = 0
configure:16789: ./conftest
configure:16789: $? = 0
configure:16803: result: 8
configure:16817: checking size of unsigned long long
configure:16822: gcc -o conftest -g -O2   conftest.c -largtable2 -lm  >&5
configure:16822: $? = 0
configure:16822: ./conftest
configure:16822: $? = 0
configure:16836: result: 8
configure:16850: checking for stroul
configure:16850: gcc -o conftest -g -O2   conftest.c -largtable2 -lm  >&5
/tmp/ccw0TuE1.o: In function `main':
/home/contrera/codigo/github/get_phylomarkers/bin/tmp/clustal-omega-1.2.4/conftest.c:89: undefined reference to `stroul'
collect2: error: ld returned 1 exit status
configure:16850: $? = 1
configure: failed program was:
| /* confdefs.h */
| #define PACKAGE_NAME "Clustal Omega"
| #define PACKAGE_TARNAME "clustal-omega"
| #define PACKAGE_VERSION "1.2.4"
| #define PACKAGE_STRING "Clustal Omega 1.2.4"
| #define PACKAGE_BUGREPORT "clustalw@ucd.ie"
| #define PACKAGE_URL ""
| #define PACKAGE "clustal-omega"
| #define VERSION "1.2.4"
| #define STDC_HEADERS 1
| #define HAVE_SYS_TYPES_H 1
| #define HAVE_SYS_STAT_H 1
| #define HAVE_STDLIB_H 1
| #define HAVE_STRING_H 1
| #define HAVE_MEMORY_H 1
| #define HAVE_STRINGS_H 1
| #define HAVE_INTTYPES_H 1
| #define HAVE_STDINT_H 1
| #define HAVE_UNISTD_H 1
| #define __EXTENSIONS__ 1
| #define _ALL_SOURCE 1
| #define _GNU_SOURCE 1
| #define _POSIX_PTHREAD_SEMANTICS 1
| #define _TANDEM_SOURCE 1
| #define HAVE_DLFCN_H 1
| #define LT_OBJDIR ".libs/"
| #define CLUSTALO 1
| #define PACKAGE_CODENAME "AndreaGiacomo"
| #define LINUX 1
| #define STDC_HEADERS 1
| #define HAVE_ASSERT_H 1
| #define HAVE_CTYPE_H 1
| #define HAVE_FLOAT_H 1
| #define HAVE_LIMITS_H 1
| #define HAVE_MATH_H 1
| #define HAVE_MEMORY_H 1
| #define HAVE_STDARG_H 1
| #define HAVE_STDIO_H 1
| #define HAVE_STDLIB_H 1
| #define HAVE_STRING_H 1
| #define HAVE_TIME_H 1
| #define HAVE_UNISTD_H 1
| #define HAVE_LIBM 1
| #define HAVE_LOG2 1
| #define HAVE_ARGTABLE2_H 1
| #define HAVE_LIBARGTABLE2 1
| #define HAVE_OPENMP 1
| #define HAVE_NTOHS 1
| #define HAVE_NTOHL 1
| #define SIZEOF_UNSIGNED_SHORT 2
| #define SIZEOF_UNSIGNED_INT 4
| #define SIZEOF_UNSIGNED_LONG 8
| #define SIZEOF_UNSIGNED_LONG_LONG 8
| /* end confdefs.h.  */
| /* Define stroul to an innocuous variant, in case <limits.h> declares stroul.
|    For example, HP-UX 11i <limits.h> declares gettimeofday.  */
| #define stroul innocuous_stroul
| 
| /* System header to define __stub macros and hopefully few prototypes,
|     which can conflict with char stroul (); below.
|     Prefer <limits.h> to <assert.h> if __STDC__ is defined, since
|     <limits.h> exists even on freestanding compilers.  */
| 
| #ifdef __STDC__
| # include <limits.h>
| #else
| # include <assert.h>
| #endif
| 
| #undef stroul
| 
| /* Override any GCC internal prototype to avoid an error.
|    Use char because int might match the return type of a GCC
|    builtin and then its argument prototype would still apply.  */
| #ifdef __cplusplus
| extern "C"
| #endif
| char stroul ();
| /* The GNU C library defines this for functions which it implements
|     to always fail with ENOSYS.  Some functions are actually named
|     something starting with __ and the normal name is an alias.  */
| #if defined __stub_stroul || defined __stub___stroul
| choke me
| #endif
| 
| int
| main ()
| {
| return stroul ();
|   ;
|   return 0;
| }
configure:16850: result: no
configure:16850: checking for strtoull
configure:16850: gcc -o conftest -g -O2   conftest.c -largtable2 -lm  >&5
configure:16850: $? = 0
configure:16850: result: yes
configure:16862: checking for ftello
configure:16862: gcc -o conftest -g -O2   conftest.c -largtable2 -lm  >&5
configure:16862: $? = 0
configure:16862: result: yes
configure:16862: checking for fseeko
configure:16862: gcc -o conftest -g -O2   conftest.c -largtable2 -lm  >&5
configure:16862: $? = 0
configure:16862: result: yes
configure:16874: checking for ftello64
configure:16874: gcc -o conftest -g -O2   conftest.c -largtable2 -lm  >&5
configure:16874: $? = 0
configure:16874: result: yes
configure:16874: checking for fseeko64
configure:16874: gcc -o conftest -g -O2   conftest.c -largtable2 -lm  >&5
configure:16874: $? = 0
configure:16874: result: yes
configure:16886: checking for ftell64
configure:16886: gcc -o conftest -g -O2   conftest.c -largtable2 -lm  >&5
/tmp/ccoOGtQj.o: In function `main':
/home/contrera/codigo/github/get_phylomarkers/bin/tmp/clustal-omega-1.2.4/conftest.c:94: undefined reference to `ftell64'
collect2: error: ld returned 1 exit status
configure:16886: $? = 1
configure: failed program was:
| /* confdefs.h */
| #define PACKAGE_NAME "Clustal Omega"
| #define PACKAGE_TARNAME "clustal-omega"
| #define PACKAGE_VERSION "1.2.4"
| #define PACKAGE_STRING "Clustal Omega 1.2.4"
| #define PACKAGE_BUGREPORT "clustalw@ucd.ie"
| #define PACKAGE_URL ""
| #define PACKAGE "clustal-omega"
| #define VERSION "1.2.4"
| #define STDC_HEADERS 1
| #define HAVE_SYS_TYPES_H 1
| #define HAVE_SYS_STAT_H 1
| #define HAVE_STDLIB_H 1
| #define HAVE_STRING_H 1
| #define HAVE_MEMORY_H 1
| #define HAVE_STRINGS_H 1
| #define HAVE_INTTYPES_H 1
| #define HAVE_STDINT_H 1
| #define HAVE_UNISTD_H 1
| #define __EXTENSIONS__ 1
| #define _ALL_SOURCE 1
| #define _GNU_SOURCE 1
| #define _POSIX_PTHREAD_SEMANTICS 1
| #define _TANDEM_SOURCE 1
| #define HAVE_DLFCN_H 1
| #define LT_OBJDIR ".libs/"
| #define CLUSTALO 1
| #define PACKAGE_CODENAME "AndreaGiacomo"
| #define LINUX 1
| #define STDC_HEADERS 1
| #define HAVE_ASSERT_H 1
| #define HAVE_CTYPE_H 1
| #define HAVE_FLOAT_H 1
| #define HAVE_LIMITS_H 1
| #define HAVE_MATH_H 1
| #define HAVE_MEMORY_H 1
| #define HAVE_STDARG_H 1
| #define HAVE_STDIO_H 1
| #define HAVE_STDLIB_H 1
| #define HAVE_STRING_H 1
| #define HAVE_TIME_H 1
| #define HAVE_UNISTD_H 1
| #define HAVE_LIBM 1
| #define HAVE_LOG2 1
| #define HAVE_ARGTABLE2_H 1
| #define HAVE_LIBARGTABLE2 1
| #define HAVE_OPENMP 1
| #define HAVE_NTOHS 1
| #define HAVE_NTOHL 1
| #define SIZEOF_UNSIGNED_SHORT 2
| #define SIZEOF_UNSIGNED_INT 4
| #define SIZEOF_UNSIGNED_LONG 8
| #define SIZEOF_UNSIGNED_LONG_LONG 8
| #define HAVE_STRTOULL 1
| #define HAVE_FTELLO 1
| #define HAVE_FSEEKO 1
| #define HAVE_FTELLO64 1
| #define HAVE_FSEEKO64 1
| /* end confdefs.h.  */
| /* Define ftell64 to an innocuous variant, in case <limits.h> declares ftell64.
|    For example, HP-UX 11i <limits.h> declares gettimeofday.  */
| #define ftell64 innocuous_ftell64
| 
| /* System header to define __stub macros and hopefully few prototypes,
|     which can conflict with char ftell64 (); below.
|     Prefer <limits.h> to <assert.h> if __STDC__ is defined, since
|     <limits.h> exists even on freestanding compilers.  */
| 
| #ifdef __STDC__
| # include <limits.h>
| #else
| # include <assert.h>
| #endif
| 
| #undef ftell64
| 
| /* Override any GCC internal prototype to avoid an error.
|    Use char because int might match the return type of a GCC
|    builtin and then its argument prototype would still apply.  */
| #ifdef __cplusplus
| extern "C"
| #endif
| char ftell64 ();
| /* The GNU C library defines this for functions which it implements
|     to always fail with ENOSYS.  Some functions are actually named
|     something starting with __ and the normal name is an alias.  */
| #if defined __stub_ftell64 || defined __stub___ftell64
| choke me
| #endif
| 
| int
| main ()
| {
| return ftell64 ();
|   ;
|   return 0;
| }
configure:16886: result: no
configure:16886: checking for fseek64
configure:16886: gcc -o conftest -g -O2   conftest.c -largtable2 -lm  >&5
/tmp/cc1kD70n.o: In function `main':
/home/contrera/codigo/github/get_phylomarkers/bin/tmp/clustal-omega-1.2.4/conftest.c:94: undefined reference to `fseek64'
collect2: error: ld returned 1 exit status
configure:16886: $? = 1
configure: failed program was:
| /* confdefs.h */
| #define PACKAGE_NAME "Clustal Omega"
| #define PACKAGE_TARNAME "clustal-omega"
| #define PACKAGE_VERSION "1.2.4"
| #define PACKAGE_STRING "Clustal Omega 1.2.4"
| #define PACKAGE_BUGREPORT "clustalw@ucd.ie"
| #define PACKAGE_URL ""
| #define PACKAGE "clustal-omega"
| #define VERSION "1.2.4"
| #define STDC_HEADERS 1
| #define HAVE_SYS_TYPES_H 1
| #define HAVE_SYS_STAT_H 1
| #define HAVE_STDLIB_H 1
| #define HAVE_STRING_H 1
| #define HAVE_MEMORY_H 1
| #define HAVE_STRINGS_H 1
| #define HAVE_INTTYPES_H 1
| #define HAVE_STDINT_H 1
| #define HAVE_UNISTD_H 1
| #define __EXTENSIONS__ 1
| #define _ALL_SOURCE 1
| #define _GNU_SOURCE 1
| #define _POSIX_PTHREAD_SEMANTICS 1
| #define _TANDEM_SOURCE 1
| #define HAVE_DLFCN_H 1
| #define LT_OBJDIR ".libs/"
| #define CLUSTALO 1
| #define PACKAGE_CODENAME "AndreaGiacomo"
| #define LINUX 1
| #define STDC_HEADERS 1
| #define HAVE_ASSERT_H 1
| #define HAVE_CTYPE_H 1
| #define HAVE_FLOAT_H 1
| #define HAVE_LIMITS_H 1
| #define HAVE_MATH_H 1
| #define HAVE_MEMORY_H 1
| #define HAVE_STDARG_H 1
| #define HAVE_STDIO_H 1
| #define HAVE_STDLIB_H 1
| #define HAVE_STRING_H 1
| #define HAVE_TIME_H 1
| #define HAVE_UNISTD_H 1
| #define HAVE_LIBM 1
| #define HAVE_LOG2 1
| #define HAVE_ARGTABLE2_H 1
| #define HAVE_LIBARGTABLE2 1
| #define HAVE_OPENMP 1
| #define HAVE_NTOHS 1
| #define HAVE_NTOHL 1
| #define SIZEOF_UNSIGNED_SHORT 2
| #define SIZEOF_UNSIGNED_INT 4
| #define SIZEOF_UNSIGNED_LONG 8
| #define SIZEOF_UNSIGNED_LONG_LONG 8
| #define HAVE_STRTOULL 1
| #define HAVE_FTELLO 1
| #define HAVE_FSEEKO 1
| #define HAVE_FTELLO64 1
| #define HAVE_FSEEKO64 1
| /* end confdefs.h.  */
| /* Define fseek64 to an innocuous variant, in case <limits.h> declares fseek64.
|    For example, HP-UX 11i <limits.h> declares gettimeofday.  */
| #define fseek64 innocuous_fseek64
| 
| /* System header to define __stub macros and hopefully few prototypes,
|     which can conflict with char fseek64 (); below.
|     Prefer <limits.h> to <assert.h> if __STDC__ is defined, since
|     <limits.h> exists even on freestanding compilers.  */
| 
| #ifdef __STDC__
| # include <limits.h>
| #else
| # include <assert.h>
| #endif
| 
| #undef fseek64
| 
| /* Override any GCC internal prototype to avoid an error.
|    Use char because int might match the return type of a GCC
|    builtin and then its argument prototype would still apply.  */
| #ifdef __cplusplus
| extern "C"
| #endif
| char fseek64 ();
| /* The GNU C library defines this for functions which it implements
|     to always fail with ENOSYS.  Some functions are actually named
|     something starting with __ and the normal name is an alias.  */
| #if defined __stub_fseek64 || defined __stub___fseek64
| choke me
| #endif
| 
| int
| main ()
| {
| return fseek64 ();
|   ;
|   return 0;
| }
configure:16886: result: no
configure:16896: checking for off_t
configure:16896: gcc -c -g -O2  conftest.c >&5
configure:16896: $? = 0
configure:16896: gcc -c -g -O2  conftest.c >&5
conftest.c: In function 'main':
conftest.c:96:20: error: expected expression before ')' token
 if (sizeof ((off_t)))
                    ^
configure:16896: $? = 1
configure: failed program was:
| /* confdefs.h */
| #define PACKAGE_NAME "Clustal Omega"
| #define PACKAGE_TARNAME "clustal-omega"
| #define PACKAGE_VERSION "1.2.4"
| #define PACKAGE_STRING "Clustal Omega 1.2.4"
| #define PACKAGE_BUGREPORT "clustalw@ucd.ie"
| #define PACKAGE_URL ""
| #define PACKAGE "clustal-omega"
| #define VERSION "1.2.4"
| #define STDC_HEADERS 1
| #define HAVE_SYS_TYPES_H 1
| #define HAVE_SYS_STAT_H 1
| #define HAVE_STDLIB_H 1
| #define HAVE_STRING_H 1
| #define HAVE_MEMORY_H 1
| #define HAVE_STRINGS_H 1
| #define HAVE_INTTYPES_H 1
| #define HAVE_STDINT_H 1
| #define HAVE_UNISTD_H 1
| #define __EXTENSIONS__ 1
| #define _ALL_SOURCE 1
| #define _GNU_SOURCE 1
| #define _POSIX_PTHREAD_SEMANTICS 1
| #define _TANDEM_SOURCE 1
| #define HAVE_DLFCN_H 1
| #define LT_OBJDIR ".libs/"
| #define CLUSTALO 1
| #define PACKAGE_CODENAME "AndreaGiacomo"
| #define LINUX 1
| #define STDC_HEADERS 1
| #define HAVE_ASSERT_H 1
| #define HAVE_CTYPE_H 1
| #define HAVE_FLOAT_H 1
| #define HAVE_LIMITS_H 1
| #define HAVE_MATH_H 1
| #define HAVE_MEMORY_H 1
| #define HAVE_STDARG_H 1
| #define HAVE_STDIO_H 1
| #define HAVE_STDLIB_H 1
| #define HAVE_STRING_H 1
| #define HAVE_TIME_H 1
| #define HAVE_UNISTD_H 1
| #define HAVE_LIBM 1
| #define HAVE_LOG2 1
| #define HAVE_ARGTABLE2_H 1
| #define HAVE_LIBARGTABLE2 1
| #define HAVE_OPENMP 1
| #define HAVE_NTOHS 1
| #define HAVE_NTOHL 1
| #define SIZEOF_UNSIGNED_SHORT 2
| #define SIZEOF_UNSIGNED_INT 4
| #define SIZEOF_UNSIGNED_LONG 8
| #define SIZEOF_UNSIGNED_LONG_LONG 8
| #define HAVE_STRTOULL 1
| #define HAVE_FTELLO 1
| #define HAVE_FSEEKO 1
| #define HAVE_FTELLO64 1
| #define HAVE_FSEEKO64 1
| /* end confdefs.h.  */
| #include <stdio.h>
| #ifdef HAVE_SYS_TYPES_H
| # include <sys/types.h>
| #endif
| #ifdef HAVE_SYS_STAT_H
| # include <sys/stat.h>
| #endif
| #ifdef STDC_HEADERS
| # include <stdlib.h>
| # include <stddef.h>
| #else
| # ifdef HAVE_STDLIB_H
| #  include <stdlib.h>
| # endif
| #endif
| #ifdef HAVE_STRING_H
| # if !defined STDC_HEADERS && defined HAVE_MEMORY_H
| #  include <memory.h>
| # endif
| # include <string.h>
| #endif
| #ifdef HAVE_STRINGS_H
| # include <strings.h>
| #endif
| #ifdef HAVE_INTTYPES_H
| # include <inttypes.h>
| #endif
| #ifdef HAVE_STDINT_H
| # include <stdint.h>
| #endif
| #ifdef HAVE_UNISTD_H
| # include <unistd.h>
| #endif
| int
| main ()
| {
| if (sizeof ((off_t)))
| 	    return 0;
|   ;
|   return 0;
| }
configure:16896: result: yes
configure:16911: checking size of fpos_t
configure:16916: gcc -o conftest -g -O2   conftest.c -largtable2 -lm  >&5
configure:16916: $? = 0
configure:16916: ./conftest
configure:16916: $? = 0
configure:16930: result: 16
configure:16973: checking if malloc debugging is wanted
configure:16991: result: no
configure:17015: checking whether to build with debug information
configure:17024: result: no
configure:17193: creating ./config.status

## ---------------------- ##
## Running config.status. ##
## ---------------------- ##

This file was extended by Clustal Omega config.status 1.2.4, which was
generated by GNU Autoconf 2.69.  Invocation command line was

  CONFIG_FILES    = 
  CONFIG_HEADERS  = 
  CONFIG_LINKS    = 
  CONFIG_COMMANDS = 
  $ ./config.status 

on millo

config.status:1174: creating Makefile
config.status:1174: creating src/Makefile
config.status:1174: creating clustalo.pc
config.status:1174: creating Doxyfile
config.status:1174: creating src/clustal/Makefile
config.status:1174: creating src/hhalign/Makefile
config.status:1174: creating src/kmpp/Makefile
config.status:1174: creating src/squid/Makefile
config.status:1174: creating src/config.h
config.status:1355: src/config.h is unchanged
config.status:1403: executing src/clustal-omega-config.h commands
config.status:1441: creating src/clustal-omega-config.h - prefix CLUSTAL_OMEGA for src/config.h defines
config.status:1463: src/clustal-omega-config.h is unchanged
config.status:1403: executing depfiles commands
config.status:1403: executing libtool commands

## ---------------- ##
## Cache variables. ##
## ---------------- ##

ac_cv_build=x86_64-unknown-linux-gnu
ac_cv_c_bigendian=no
ac_cv_c_compiler_gnu=yes
ac_cv_c_const=yes
ac_cv_c_inline=inline
ac_cv_cxx_compiler_gnu=yes
ac_cv_env_CCC_set=
ac_cv_env_CCC_value=
ac_cv_env_CC_set=
ac_cv_env_CC_value=
ac_cv_env_CFLAGS_set=
ac_cv_env_CFLAGS_value=
ac_cv_env_CPPFLAGS_set=
ac_cv_env_CPPFLAGS_value=
ac_cv_env_CPP_set=
ac_cv_env_CPP_value=
ac_cv_env_CXXCPP_set=
ac_cv_env_CXXCPP_value=
ac_cv_env_CXXFLAGS_set=
ac_cv_env_CXXFLAGS_value=
ac_cv_env_CXX_set=
ac_cv_env_CXX_value=
ac_cv_env_LDFLAGS_set=
ac_cv_env_LDFLAGS_value=
ac_cv_env_LIBS_set=
ac_cv_env_LIBS_value=
ac_cv_env_build_alias_set=
ac_cv_env_build_alias_value=
ac_cv_env_host_alias_set=
ac_cv_env_host_alias_value=
ac_cv_env_target_alias_set=
ac_cv_env_target_alias_value=
ac_cv_func_fseek64=no
ac_cv_func_fseeko64=yes
ac_cv_func_fseeko=yes
ac_cv_func_ftell64=no
ac_cv_func_ftello64=yes
ac_cv_func_ftello=yes
ac_cv_func_ntohl=yes
ac_cv_func_ntohs=yes
ac_cv_func_ntonl=no
ac_cv_func_ntons=no
ac_cv_func_stroul=no
ac_cv_func_strtoull=yes
ac_cv_header_argtable2_h=yes
ac_cv_header_assert_h=yes
ac_cv_header_ctype_h=yes
ac_cv_header_dlfcn_h=yes
ac_cv_header_float_h=yes
ac_cv_header_inttypes_h=yes
ac_cv_header_limits_h=yes
ac_cv_header_math_h=yes
ac_cv_header_memory_h=yes
ac_cv_header_minix_config_h=no
ac_cv_header_stdarg_h=yes
ac_cv_header_stdc=yes
ac_cv_header_stdint_h=yes
ac_cv_header_stdio_h=yes
ac_cv_header_stdlib_h=yes
ac_cv_header_string_h=yes
ac_cv_header_strings_h=yes
ac_cv_header_sys_stat_h=yes
ac_cv_header_sys_types_h=yes
ac_cv_header_time_h=yes
ac_cv_header_unistd_h=yes
ac_cv_host=x86_64-unknown-linux-gnu
ac_cv_lib_argtable2_arg_parse=yes
ac_cv_lib_m_log2=yes
ac_cv_lib_m_log=yes
ac_cv_objext=o
ac_cv_path_EGREP='/bin/grep -E'
ac_cv_path_FGREP='/bin/grep -F'
ac_cv_path_GREP=/bin/grep
ac_cv_path_SED=/bin/sed
ac_cv_path_install='/usr/bin/install -c'
ac_cv_path_mkdir=/bin/mkdir
ac_cv_prog_AWK=gawk
ac_cv_prog_CPP='gcc -E'
ac_cv_prog_CXXCPP='g++ -E'
ac_cv_prog_ac_ct_AR=ar
ac_cv_prog_ac_ct_CC=gcc
ac_cv_prog_ac_ct_CXX=g++
ac_cv_prog_ac_ct_OBJDUMP=objdump
ac_cv_prog_ac_ct_RANLIB=ranlib
ac_cv_prog_ac_ct_STRIP=strip
ac_cv_prog_cc_c89=
ac_cv_prog_cc_g=yes
ac_cv_prog_cxx_g=yes
ac_cv_prog_make_make_set=yes
ac_cv_safe_to_define___extensions__=yes
ac_cv_sizeof_fpos_t=16
ac_cv_sizeof_unsigned_int=4
ac_cv_sizeof_unsigned_long=8
ac_cv_sizeof_unsigned_long_long=8
ac_cv_sizeof_unsigned_short=2
ac_cv_type_off_t=yes
ac_cv_type_size_t=yes
am_cv_CC_dependencies_compiler_type=gcc3
am_cv_CXX_dependencies_compiler_type=gcc3
ax_cv_c_openmp=-fopenmp
lt_cv_deplibs_check_method=pass_all
lt_cv_file_magic_cmd='$MAGIC_CMD'
lt_cv_file_magic_test_file=
lt_cv_ld_reload_flag=-r
lt_cv_nm_interface='BSD nm'
lt_cv_objdir=.libs
lt_cv_path_LD=/usr/bin/ld
lt_cv_path_LDCXX='/usr/bin/ld -m elf_x86_64'
lt_cv_path_NM='/usr/bin/nm -B'
lt_cv_prog_compiler_c_o=yes
lt_cv_prog_compiler_c_o_CXX=yes
lt_cv_prog_compiler_pic_works=yes
lt_cv_prog_compiler_pic_works_CXX=yes
lt_cv_prog_compiler_rtti_exceptions=no
lt_cv_prog_compiler_static_works=yes
lt_cv_prog_compiler_static_works_CXX=yes
lt_cv_prog_gnu_ld=yes
lt_cv_prog_gnu_ldcxx=yes
lt_cv_sys_global_symbol_pipe='sed -n -e '\''s/^.*[	 ]\([ABCDGIRSTW][ABCDGIRSTW]*\)[	 ][	 ]*\([_A-Za-z][_A-Za-z0-9]*\)$/\1 \2 \2/p'\'''
lt_cv_sys_global_symbol_to_c_name_address='sed -n -e '\''s/^: \([^ ]*\) $/  {\"\1\", (void *) 0},/p'\'' -e '\''s/^[ABCDGIRSTW]* \([^ ]*\) \([^ ]*\)$/  {"\2", (void *) \&\2},/p'\'''
lt_cv_sys_global_symbol_to_c_name_address_lib_prefix='sed -n -e '\''s/^: \([^ ]*\) $/  {\"\1\", (void *) 0},/p'\'' -e '\''s/^[ABCDGIRSTW]* \([^ ]*\) \(lib[^ ]*\)$/  {"\2", (void *) \&\2},/p'\'' -e '\''s/^[ABCDGIRSTW]* \([^ ]*\) \([^ ]*\)$/  {"lib\2", (void *) \&\2},/p'\'''
lt_cv_sys_global_symbol_to_cdecl='sed -n -e '\''s/^T .* \(.*\)$/extern int \1();/p'\'' -e '\''s/^[ABCDGIRSTW]* .* \(.*\)$/extern char \1;/p'\'''
lt_cv_sys_max_cmd_len=1572864

## ----------------- ##
## Output variables. ##
## ----------------- ##

ACLOCAL='${SHELL} /home/contrera/codigo/github/get_phylomarkers/bin/tmp/clustal-omega-1.2.4/missing --run aclocal-1.10'
AMDEPBACKSLASH='\'
AMDEP_FALSE='#'
AMDEP_TRUE=''
AMTAR='${SHELL} /home/contrera/codigo/github/get_phylomarkers/bin/tmp/clustal-omega-1.2.4/missing --run tar'
AM_CFLAGS=' -O3'
AM_CXXFLAGS=' -O3'
AM_LDFLAGS=''
AR='ar'
AUTOCONF='${SHELL} /home/contrera/codigo/github/get_phylomarkers/bin/tmp/clustal-omega-1.2.4/missing --run autoconf'
AUTOHEADER='${SHELL} /home/contrera/codigo/github/get_phylomarkers/bin/tmp/clustal-omega-1.2.4/missing --run autoheader'
AUTOMAKE='${SHELL} /home/contrera/codigo/github/get_phylomarkers/bin/tmp/clustal-omega-1.2.4/missing --run automake-1.10'
AWK='gawk'
CC='gcc'
CCDEPMODE='depmode=gcc3'
CFLAGS='-g -O2'
CPP='gcc -E'
CPPFLAGS=''
CXX='g++'
CXXCPP='g++ -E'
CXXDEPMODE='depmode=gcc3'
CXXFLAGS='-g -O2'
CYGPATH_W='echo'
DEFS='-DHAVE_CONFIG_H'
DEPDIR='.deps'
DSYMUTIL=''
DUMPBIN=''
ECHO_C=''
ECHO_N='-n'
ECHO_T=''
EGREP='/bin/grep -E'
EXEEXT=''
FGREP='/bin/grep -F'
GREP='/bin/grep'
INSTALL_DATA='${INSTALL} -m 644'
INSTALL_PROGRAM='${INSTALL}'
INSTALL_SCRIPT='${INSTALL}'
INSTALL_STRIP_PROGRAM='$(install_sh) -c -s'
LD='/usr/bin/ld -m elf_x86_64'
LDFLAGS=''
LIBOBJS=''
LIBS='-largtable2 -lm '
LIBTOOL='$(SHELL) $(top_builddir)/libtool'
LIPO=''
LN_S='ln -s'
LTLIBOBJS=''
MAKEINFO='${SHELL} /home/contrera/codigo/github/get_phylomarkers/bin/tmp/clustal-omega-1.2.4/missing --run makeinfo'
MKDIR_P='/bin/mkdir -p'
NM='/usr/bin/nm -B'
NMEDIT=''
OBJDUMP='objdump'
OBJEXT='o'
OPENMP_CFLAGS='-fopenmp'
OPENMP_CXXFLAGS='-fopenmp'
OTOOL64=''
OTOOL=''
PACKAGE='clustal-omega'
PACKAGE_BUGREPORT='clustalw@ucd.ie'
PACKAGE_CODENAME='AndreaGiacomo'
PACKAGE_NAME='Clustal Omega'
PACKAGE_STRING='Clustal Omega 1.2.4'
PACKAGE_TARNAME='clustal-omega'
PACKAGE_URL=''
PACKAGE_VERSION='1.2.4'
PATH_SEPARATOR=':'
RANLIB='ranlib'
SED='/bin/sed'
SET_MAKE=''
SHELL='/bin/bash'
STRIP='strip'
VERSION='1.2.4'
ac_ct_CC='gcc'
ac_ct_CXX='g++'
ac_ct_DUMPBIN=''
am__fastdepCC_FALSE='#'
am__fastdepCC_TRUE=''
am__fastdepCXX_FALSE='#'
am__fastdepCXX_TRUE=''
am__include='include'
am__isrc=''
am__leading_dot='.'
am__quote=''
am__tar='${AMTAR} chof - "$$tardir"'
am__untar='${AMTAR} xf -'
bindir='${exec_prefix}/bin'
build='x86_64-unknown-linux-gnu'
build_alias=''
build_cpu='x86_64'
build_os='linux-gnu'
build_vendor='unknown'
datadir='${datarootdir}'
datarootdir='${prefix}/share'
docdir='${datarootdir}/doc/${PACKAGE_TARNAME}'
dvidir='${docdir}'
exec_prefix='${prefix}'
host='x86_64-unknown-linux-gnu'
host_alias=''
host_cpu='x86_64'
host_os='linux-gnu'
host_vendor='unknown'
htmldir='${docdir}'
includedir='${prefix}/include'
infodir='${datarootdir}/info'
install_sh='$(SHELL) /home/contrera/codigo/github/get_phylomarkers/bin/tmp/clustal-omega-1.2.4/install-sh'
libdir='${exec_prefix}/lib'
libexecdir='${exec_prefix}/libexec'
localedir='${datarootdir}/locale'
localstatedir='${prefix}/var'
lt_ECHO='echo'
mandir='${datarootdir}/man'
mkdir_p='/bin/mkdir -p'
oldincludedir='/usr/include'
pdfdir='${docdir}'
prefix='/usr/local'
program_transform_name='s,x,x,'
psdir='${docdir}'
runstatedir='${localstatedir}/run'
sbindir='${exec_prefix}/sbin'
sharedstatedir='${prefix}/com'
sysconfdir='${prefix}/etc'
target_alias=''

## ----------- ##
## confdefs.h. ##
## ----------- ##

/* confdefs.h */
#define PACKAGE_NAME "Clustal Omega"
#define PACKAGE_TARNAME "clustal-omega"
#define PACKAGE_VERSION "1.2.4"
#define PACKAGE_STRING "Clustal Omega 1.2.4"
#define PACKAGE_BUGREPORT "clustalw@ucd.ie"
#define PACKAGE_URL ""
#define PACKAGE "clustal-omega"
#define VERSION "1.2.4"
#define STDC_HEADERS 1
#define HAVE_SYS_TYPES_H 1
#define HAVE_SYS_STAT_H 1
#define HAVE_STDLIB_H 1
#define HAVE_STRING_H 1
#define HAVE_MEMORY_H 1
#define HAVE_STRINGS_H 1
#define HAVE_INTTYPES_H 1
#define HAVE_STDINT_H 1
#define HAVE_UNISTD_H 1
#define __EXTENSIONS__ 1
#define _ALL_SOURCE 1
#define _GNU_SOURCE 1
#define _POSIX_PTHREAD_SEMANTICS 1
#define _TANDEM_SOURCE 1
#define HAVE_DLFCN_H 1
#define LT_OBJDIR ".libs/"
#define CLUSTALO 1
#define PACKAGE_CODENAME "AndreaGiacomo"
#define LINUX 1
#define STDC_HEADERS 1
#define HAVE_ASSERT_H 1
#define HAVE_CTYPE_H 1
#define HAVE_FLOAT_H 1
#define HAVE_LIMITS_H 1
#define HAVE_MATH_H 1
#define HAVE_MEMORY_H 1
#define HAVE_STDARG_H 1
#define HAVE_STDIO_H 1
#define HAVE_STDLIB_H 1
#define HAVE_STRING_H 1
#define HAVE_TIME_H 1
#define HAVE_UNISTD_H 1
#define HAVE_LIBM 1
#define HAVE_LOG2 1
#define HAVE_ARGTABLE2_H 1
#define HAVE_LIBARGTABLE2 1
#define HAVE_OPENMP 1
#define HAVE_NTOHS 1
#define HAVE_NTOHL 1
#define SIZEOF_UNSIGNED_SHORT 2
#define SIZEOF_UNSIGNED_INT 4
#define SIZEOF_UNSIGNED_LONG 8
#define SIZEOF_UNSIGNED_LONG_LONG 8
#define HAVE_STRTOULL 1
#define HAVE_FTELLO 1
#define HAVE_FSEEKO 1
#define HAVE_FTELLO64 1
#define HAVE_FSEEKO64 1
#define SIZEOF_FPOS_T 16
#define NDEBUG /**/

configure: exit 0
